2018-07-17 09:30:18,154 INFO  o.s.b.t.c.SpringBootTestContextBootstrapper - Neither @ContextConfiguration nor @ContextHierarchy found for test class [cms.sre.persistenceapi.AppTest], using SpringBootContextLoader
2018-07-17 09:30:18,177 INFO  o.s.t.c.s.AbstractContextLoader - Could not detect default resource locations for test class [cms.sre.persistenceapi.AppTest]: no resource found for suffixes {-context.xml, Context.groovy}.
2018-07-17 09:30:18,180 INFO  o.s.t.c.s.AnnotationConfigContextLoaderUtils - Could not detect default configuration classes for test class [cms.sre.persistenceapi.AppTest]: AppTest does not declare any static, non-private, non-final, nested classes annotated with @Configuration.
2018-07-17 09:30:18,647 INFO  o.s.b.t.c.SpringBootTestContextBootstrapper - Found @SpringBootConfiguration cms.sre.persistenceapi.App for test class cms.sre.persistenceapi.AppTest
2018-07-17 09:30:18,874 INFO  o.s.b.t.c.SpringBootTestContextBootstrapper - Loaded default TestExecutionListener class names from location [META-INF/spring.factories]: [org.springframework.boot.test.mock.mockito.MockitoTestExecutionListener, org.springframework.boot.test.mock.mockito.ResetMocksTestExecutionListener, org.springframework.boot.test.autoconfigure.restdocs.RestDocsTestExecutionListener, org.springframework.boot.test.autoconfigure.web.client.MockRestServiceServerResetTestExecutionListener, org.springframework.boot.test.autoconfigure.web.servlet.MockMvcPrintOnlyOnFailureTestExecutionListener, org.springframework.boot.test.autoconfigure.web.servlet.WebDriverTestExecutionListener, org.springframework.test.context.web.ServletTestExecutionListener, org.springframework.test.context.support.DirtiesContextBeforeModesTestExecutionListener, org.springframework.test.context.support.DependencyInjectionTestExecutionListener, org.springframework.test.context.support.DirtiesContextTestExecutionListener, org.springframework.test.context.transaction.TransactionalTestExecutionListener, org.springframework.test.context.jdbc.SqlScriptsTestExecutionListener]
2018-07-17 09:30:18,898 INFO  o.s.b.t.c.SpringBootTestContextBootstrapper - Using TestExecutionListeners: [org.springframework.test.context.web.ServletTestExecutionListener@5acf93bb, org.springframework.test.context.support.DirtiesContextBeforeModesTestExecutionListener@7e7be63f, org.springframework.boot.test.mock.mockito.MockitoTestExecutionListener@6cd28fa7, org.springframework.boot.test.autoconfigure.SpringBootDependencyInjectionTestExecutionListener@614ca7df, org.springframework.test.context.support.DirtiesContextTestExecutionListener@4738a206, org.springframework.test.context.transaction.TransactionalTestExecutionListener@66d3eec0, org.springframework.test.context.jdbc.SqlScriptsTestExecutionListener@1e04fa0a, org.springframework.boot.test.mock.mockito.ResetMocksTestExecutionListener@1af2d44a, org.springframework.boot.test.autoconfigure.restdocs.RestDocsTestExecutionListener@18d87d80, org.springframework.boot.test.autoconfigure.web.client.MockRestServiceServerResetTestExecutionListener@618425b5, org.springframework.boot.test.autoconfigure.web.servlet.MockMvcPrintOnlyOnFailureTestExecutionListener@58695725, org.springframework.boot.test.autoconfigure.web.servlet.WebDriverTestExecutionListener@543588e6]
2018-07-17 09:30:19,491 INFO  cms.sre.persistenceapi.AppTest - Starting AppTest on EC2AMAZ-C5MOP8Q with PID 13064 (started by dhhessl in D:\Users\dhhessl\IdeaProjects\persistenceapi)
2018-07-17 09:30:19,492 INFO  cms.sre.persistenceapi.AppTest - No active profile set, falling back to default profiles: default
2018-07-17 09:30:19,532 INFO  o.s.w.c.s.GenericWebApplicationContext - Refreshing org.springframework.web.context.support.GenericWebApplicationContext@36804139: startup date [Tue Jul 17 09:30:19 EDT 2018]; root of context hierarchy
2018-07-17 09:30:21,265 INFO  o.s.b.f.a.AutowiredAnnotationBeanPostProcessor - JSR-330 'javax.inject.Inject' annotation found and supported for autowiring
2018-07-17 09:30:21,884 INFO  o.s.w.s.m.m.a.RequestMappingHandlerMapping - Mapped "{[/system/{owner}],methods=[GET]}" onto public java.util.List<cms.sre.dna_common_data_model.system.System> cms.sre.persistenceapi.controller.SystemController.getSystemsByOwner(java.lang.String)
2018-07-17 09:30:21,886 INFO  o.s.w.s.m.m.a.RequestMappingHandlerMapping - Mapped "{[/systems],methods=[GET]}" onto public java.util.List<cms.sre.dna_common_data_model.system.System> cms.sre.persistenceapi.controller.SystemController.getSystems()
2018-07-17 09:30:21,887 INFO  o.s.w.s.m.m.a.RequestMappingHandlerMapping - Mapped "{[/system/{owner}/{name}],methods=[GET]}" onto public java.util.List<cms.sre.dna_common_data_model.system.System> cms.sre.persistenceapi.controller.SystemController.getSystemsByName(java.lang.String,java.lang.String)
2018-07-17 09:30:21,895 INFO  o.s.w.s.m.m.a.RequestMappingHandlerMapping - Mapped "{[/swagger-resources]}" onto public org.springframework.http.ResponseEntity<java.util.List<springfox.documentation.swagger.web.SwaggerResource>> springfox.documentation.swagger.web.ApiResourceController.swaggerResources()
2018-07-17 09:30:21,896 INFO  o.s.w.s.m.m.a.RequestMappingHandlerMapping - Mapped "{[/swagger-resources/configuration/ui]}" onto public org.springframework.http.ResponseEntity<springfox.documentation.swagger.web.UiConfiguration> springfox.documentation.swagger.web.ApiResourceController.uiConfiguration()
2018-07-17 09:30:21,896 INFO  o.s.w.s.m.m.a.RequestMappingHandlerMapping - Mapped "{[/swagger-resources/configuration/security]}" onto public org.springframework.http.ResponseEntity<springfox.documentation.swagger.web.SecurityConfiguration> springfox.documentation.swagger.web.ApiResourceController.securityConfiguration()
2018-07-17 09:30:21,900 INFO  o.s.w.s.m.m.a.RequestMappingHandlerMapping - Mapped "{[/error]}" onto public org.springframework.http.ResponseEntity<java.util.Map<java.lang.String, java.lang.Object>> org.springframework.boot.autoconfigure.web.servlet.error.BasicErrorController.error(javax.servlet.http.HttpServletRequest)
2018-07-17 09:30:21,901 INFO  o.s.w.s.m.m.a.RequestMappingHandlerMapping - Mapped "{[/error],produces=[text/html]}" onto public org.springframework.web.servlet.ModelAndView org.springframework.boot.autoconfigure.web.servlet.error.BasicErrorController.errorHtml(javax.servlet.http.HttpServletRequest,javax.servlet.http.HttpServletResponse)
2018-07-17 09:30:23,048 INFO  org.mongodb.driver.cluster - Cluster created with settings {hosts=[localhost:27017], mode=SINGLE, requiredClusterType=UNKNOWN, serverSelectionTimeout='30000 ms', maxWaitQueueSize=500}
2018-07-17 09:30:23,706 INFO  o.s.b.a.e.web.EndpointLinksResolver - Exposing 2 endpoint(s) beneath base path '/actuator'
2018-07-17 09:30:23,721 INFO  o.s.b.a.e.w.s.WebMvcEndpointHandlerMapping - Mapped "{[/actuator/health],methods=[GET],produces=[application/vnd.spring-boot.actuator.v2+json || application/json]}" onto public java.lang.Object org.springframework.boot.actuate.endpoint.web.servlet.AbstractWebMvcEndpointHandlerMapping$OperationHandler.handle(javax.servlet.http.HttpServletRequest,java.util.Map<java.lang.String, java.lang.String>)
2018-07-17 09:30:23,722 INFO  o.s.b.a.e.w.s.WebMvcEndpointHandlerMapping - Mapped "{[/actuator/info],methods=[GET],produces=[application/vnd.spring-boot.actuator.v2+json || application/json]}" onto public java.lang.Object org.springframework.boot.actuate.endpoint.web.servlet.AbstractWebMvcEndpointHandlerMapping$OperationHandler.handle(javax.servlet.http.HttpServletRequest,java.util.Map<java.lang.String, java.lang.String>)
2018-07-17 09:30:23,723 INFO  o.s.b.a.e.w.s.WebMvcEndpointHandlerMapping - Mapped "{[/actuator],methods=[GET],produces=[application/vnd.spring-boot.actuator.v2+json || application/json]}" onto protected java.util.Map<java.lang.String, java.util.Map<java.lang.String, org.springframework.boot.actuate.endpoint.web.Link>> org.springframework.boot.actuate.endpoint.web.servlet.WebMvcEndpointHandlerMapping.links(javax.servlet.http.HttpServletRequest,javax.servlet.http.HttpServletResponse)
2018-07-17 09:30:23,878 INFO  s.d.s.w.PropertySourcedRequestMappingHandlerMapping - Mapped URL path [/v2/api-docs] onto method [public org.springframework.http.ResponseEntity<springfox.documentation.spring.web.json.Json> springfox.documentation.swagger2.web.Swagger2Controller.getDocumentation(java.lang.String,javax.servlet.http.HttpServletRequest)]
2018-07-17 09:30:24,141 INFO  org.mongodb.driver.cluster - Exception in monitor thread while connecting to server localhost:27017
com.mongodb.MongoSocketOpenException: Exception opening socket
	at com.mongodb.connection.SocketStream.open(SocketStream.java:62)
	at com.mongodb.connection.InternalStreamConnection.open(InternalStreamConnection.java:126)
	at com.mongodb.connection.DefaultServerMonitor$ServerMonitorRunnable.run(DefaultServerMonitor.java:114)
	at java.lang.Thread.run(Thread.java:748)
Caused by: java.net.ConnectException: Connection refused: connect
	at java.net.DualStackPlainSocketImpl.waitForConnect(Native Method)
	at java.net.DualStackPlainSocketImpl.socketConnect(DualStackPlainSocketImpl.java:85)
	at java.net.AbstractPlainSocketImpl.doConnect(AbstractPlainSocketImpl.java:350)
	at java.net.AbstractPlainSocketImpl.connectToAddress(AbstractPlainSocketImpl.java:206)
	at java.net.AbstractPlainSocketImpl.connect(AbstractPlainSocketImpl.java:188)
	at java.net.PlainSocketImpl.connect(PlainSocketImpl.java:172)
	at java.net.SocksSocketImpl.connect(SocksSocketImpl.java:392)
	at java.net.Socket.connect(Socket.java:589)
	at com.mongodb.connection.SocketStreamHelper.initialize(SocketStreamHelper.java:59)
	at com.mongodb.connection.SocketStream.open(SocketStream.java:57)
	... 3 common frames omitted
2018-07-17 09:30:24,234 INFO  o.s.w.s.h.SimpleUrlHandlerMapping - Mapped URL path [/**/favicon.ico] onto handler of type [class org.springframework.web.servlet.resource.ResourceHttpRequestHandler]
2018-07-17 09:30:24,495 INFO  o.s.w.s.m.m.a.RequestMappingHandlerAdapter - Looking for @ControllerAdvice: org.springframework.web.context.support.GenericWebApplicationContext@36804139: startup date [Tue Jul 17 09:30:19 EDT 2018]; root of context hierarchy
2018-07-17 09:30:24,606 INFO  o.s.w.s.h.SimpleUrlHandlerMapping - Mapped URL path [/webjars/**] onto handler of type [class org.springframework.web.servlet.resource.ResourceHttpRequestHandler]
2018-07-17 09:30:24,607 INFO  o.s.w.s.h.SimpleUrlHandlerMapping - Mapped URL path [/**] onto handler of type [class org.springframework.web.servlet.resource.ResourceHttpRequestHandler]
2018-07-17 09:30:24,949 INFO  o.s.c.s.DefaultLifecycleProcessor - Starting beans in phase 2147483647
2018-07-17 09:30:24,949 INFO  s.d.s.w.p.DocumentationPluginsBootstrapper - Context refreshed
2018-07-17 09:30:24,979 INFO  s.d.s.w.p.DocumentationPluginsBootstrapper - Found 1 custom documentation plugin(s)
2018-07-17 09:30:25,025 INFO  s.d.s.w.s.ApiListingReferenceScanner - Scanning for api listing references
2018-07-17 09:30:25,204 INFO  s.d.s.w.r.o.CachingOperationNameGenerator - Generating unique operation named: handleUsingGET_1
2018-07-17 09:30:25,281 INFO  cms.sre.persistenceapi.AppTest - Started AppTest in 6.264 seconds (JVM running for 8.8)
2018-07-17 09:30:25,478 INFO  o.s.w.c.s.GenericWebApplicationContext - Closing org.springframework.web.context.support.GenericWebApplicationContext@36804139: startup date [Tue Jul 17 09:30:19 EDT 2018]; root of context hierarchy
2018-07-17 09:30:25,481 INFO  o.s.c.s.DefaultLifecycleProcessor - Stopping beans in phase 2147483647
